
=== Sat Dec  9 10:57:14 2023

Packages were changed.
Update Mode: updateDependencies

The following packages were updated:
  com.unity.ads from version 3.7.5 to 4.4.2
  com.unity.collab-proxy from version 1.15.7 to 2.0.4
  com.unity.ide.rider from version 2.0.7 to 3.0.21
  com.unity.ide.visualstudio from version 2.0.12 to 2.0.18
  com.unity.ide.vscode from version 1.2.4 to 1.2.5
  com.unity.purchasing from version 4.1.2 to 4.8.0
  com.unity.test-framework from version 1.1.29 to 1.1.33
  com.unity.xr.legacyinputhelpers from version 2.1.8 to 2.1.10

=== Thu Jan 25 10:09:12 2024

Packages were changed.
Update Mode: updateDependencies

The following packages were added:
  com.unity.collab-proxy@1.2.15
The following packages were updated:
  com.unity.analytics from version 2.0.16 to 3.2.3
  com.unity.package-manager-ui from version 1.9.11 to 2.0.13
  com.unity.purchasing from version 2.0.3 to 2.2.1
  com.unity.textmeshpro from version 1.2.4 to 1.4.1
